[0m22:10:32.154725 [debug] [MainThread]: Sending event: {'category': 'dbt', 'action': 'invocation', 'label': 'start', 'context': [<snowplow_tracker.self_describing_json.SelfDescribingJson object at 0x000001FAFD43AB50>, <snowplow_tracker.self_describing_json.SelfDescribingJson object at 0x000001FAFE1E10D0>, <snowplow_tracker.self_describing_json.SelfDescribingJson object at 0x000001FA80D20350>]}


============================== 22:10:32.154725 | df74e2dd-efa4-4771-9a56-d361d9be9ab3 ==============================
[0m22:10:32.154725 [info ] [MainThread]: Running with dbt=1.11.2
[0m22:10:32.154725 [debug] [MainThread]: running dbt with arguments {'version_check': 'True', 'no_print': 'None', 'static_parser': 'True', 'target_path': 'None', 'warn_error_options': 'WarnErrorOptionsV2(error=[], warn=[], silence=[])', 'printer_width': '80', 'write_json': 'True', 'introspect': 'True', 'log_cache_events': 'False', 'empty': 'None', 'cache_selected_only': 'False', 'log_format': 'default', 'debug': 'False', 'fail_fast': 'False', 'profiles_dir': 'C:\\Users\\edward\\.dbt', 'send_anonymous_usage_stats': 'True', 'quiet': 'False', 'warn_error': 'None', 'partial_parse': 'True', 'use_colors': 'True', 'invocation_command': 'dbt init pagamento', 'indirect_selection': 'eager', 'use_experimental_parser': 'False', 'log_path': 'logs'}
[0m22:10:32.172502 [debug] [MainThread]: Starter project path: C:\Users\edward\Documents\Projetos pessoais\Python\DBT\pagamentos\venv\Lib\site-packages\dbt\include\starter_project
[0m22:10:32.185543 [info ] [MainThread]: 
Your new dbt project "pagamento" was created!

For more information on how to configure the profiles.yml file,
please consult the dbt documentation here:

  https://docs.getdbt.com/docs/configure-your-profile

One more thing:

Need help? Don't hesitate to reach out to us via GitHub issues or on Slack:

  https://community.getdbt.com/

Happy modeling!

[0m22:10:32.185543 [info ] [MainThread]: Setting up your profile.
[0m22:11:59.049207 [info ] [MainThread]: Profile pagamento written to C:\Users\edward\.dbt\profiles.yml using target's profile_template.yml and your supplied values. Run 'dbt debug' to validate the connection.
[0m22:11:59.049207 [debug] [MainThread]: Command `dbt init` succeeded at 22:11:59.049207 after 86.96 seconds
[0m22:11:59.049207 [debug] [MainThread]: Sending event: {'category': 'dbt', 'action': 'invocation', 'label': 'end', 'context': [<snowplow_tracker.self_describing_json.SelfDescribingJson object at 0x000001FAFA1C2A50>, <snowplow_tracker.self_describing_json.SelfDescribingJson object at 0x000001FAF9ED4610>, <snowplow_tracker.self_describing_json.SelfDescribingJson object at 0x000001FA80D17F10>]}
[0m22:11:59.049207 [debug] [MainThread]: Flushing usage events
[0m22:11:59.965733 [debug] [MainThread]: An error was encountered while trying to flush usage events
[0m22:12:08.735112 [debug] [MainThread]: Sending event: {'category': 'dbt', 'action': 'invocation', 'label': 'start', 'context': [<snowplow_tracker.self_describing_json.SelfDescribingJson object at 0x000001DA89494290>, <snowplow_tracker.self_describing_json.SelfDescribingJson object at 0x000001DA89496410>, <snowplow_tracker.self_describing_json.SelfDescribingJson object at 0x000001DA89494190>]}


============================== 22:12:08.738919 | 577ec443-848e-4389-abce-614f001a38e4 ==============================
[0m22:12:08.738919 [info ] [MainThread]: Running with dbt=1.11.2
[0m22:12:08.738919 [debug] [MainThread]: running dbt with arguments {'version_check': 'True', 'no_print': 'None', 'static_parser': 'True', 'target_path': 'None', 'warn_error_options': 'WarnErrorOptionsV2(error=[], warn=[], silence=[])', 'printer_width': '80', 'write_json': 'True', 'empty': 'None', 'log_cache_events': 'False', 'introspect': 'True', 'cache_selected_only': 'False', 'fail_fast': 'False', 'debug': 'False', 'log_format': 'default', 'partial_parse': 'True', 'send_anonymous_usage_stats': 'True', 'quiet': 'False', 'warn_error': 'None', 'profiles_dir': 'C:\\Users\\edward\\.dbt', 'indirect_selection': 'eager', 'use_colors': 'True', 'invocation_command': 'dbt debug', 'use_experimental_parser': 'False', 'log_path': 'logs'}
[0m22:12:08.753521 [info ] [MainThread]: dbt version: 1.11.2
[0m22:12:08.755024 [info ] [MainThread]: python version: 3.11.9
[0m22:12:08.755024 [info ] [MainThread]: python path: C:\Users\edward\Documents\Projetos pessoais\Python\DBT\pagamentos\venv\Scripts\python.exe
[0m22:12:08.755024 [info ] [MainThread]: os info: Windows-10-10.0.26200-SP0
[0m22:12:08.799426 [info ] [MainThread]: Using profiles dir at C:\Users\edward\.dbt
[0m22:12:08.800497 [info ] [MainThread]: Using profiles.yml file at C:\Users\edward\.dbt\profiles.yml
[0m22:12:08.800497 [info ] [MainThread]: Using dbt_project.yml file at C:\Users\edward\Documents\Projetos pessoais\Python\DBT\pagamentos\dbt_project.yml
[0m22:12:08.800497 [error] [MainThread]: Encountered an error:
Internal Error
  Profile should not be None if loading profile completed
[0m22:12:08.801501 [debug] [MainThread]: Command `dbt debug` failed at 22:12:08.801501 after 0.13 seconds
[0m22:12:08.802503 [debug] [MainThread]: Sending event: {'category': 'dbt', 'action': 'invocation', 'label': 'end', 'context': [<snowplow_tracker.self_describing_json.SelfDescribingJson object at 0x000001DA89487FD0>, <snowplow_tracker.self_describing_json.SelfDescribingJson object at 0x000001DA8A5774D0>, <snowplow_tracker.self_describing_json.SelfDescribingJson object at 0x000001DA89487650>]}
[0m22:12:08.802503 [debug] [MainThread]: Flushing usage events
[0m22:12:09.706962 [debug] [MainThread]: An error was encountered while trying to flush usage events
[0m21:50:14.403847 [debug] [MainThread]: Sending event: {'category': 'dbt', 'action': 'invocation', 'label': 'start', 'context': [<snowplow_tracker.self_describing_json.SelfDescribingJson object at 0x00000282959D2950>, <snowplow_tracker.self_describing_json.SelfDescribingJson object at 0x00000282959C7A90>, <snowplow_tracker.self_describing_json.SelfDescribingJson object at 0x00000282959C5950>]}


============================== 21:50:14.417803 | f246fa12-6592-48ce-8725-261237137237 ==============================
[0m21:50:14.417803 [info ] [MainThread]: Running with dbt=1.11.2
[0m21:50:14.417803 [debug] [MainThread]: running dbt with arguments {'static_parser': 'True', 'no_print': 'None', 'version_check': 'True', 'warn_error_options': 'WarnErrorOptionsV2(error=[], warn=[], silence=[])', 'target_path': 'None', 'printer_width': '80', 'write_json': 'True', 'introspect': 'True', 'log_cache_events': 'False', 'empty': 'False', 'cache_selected_only': 'False', 'log_format': 'default', 'debug': 'False', 'fail_fast': 'False', 'partial_parse': 'True', 'send_anonymous_usage_stats': 'True', 'quiet': 'False', 'warn_error': 'None', 'profiles_dir': 'C:\\Users\\edward\\.dbt', 'indirect_selection': 'eager', 'use_colors': 'True', 'invocation_command': 'dbt run', 'use_experimental_parser': 'False', 'log_path': 'logs'}
[0m21:50:14.417803 [error] [MainThread]: Encountered an error:
Runtime Error
  No dbt_project.yml found at expected path C:\Users\edward\Documents\Projetos pessoais\Python\DBT\PAGAMENTOS\dbt_project.yml
  Verify that each entry within packages.yml (and their transitive dependencies) contains a file named dbt_project.yml
  
[0m21:50:14.417803 [debug] [MainThread]: Command `dbt run` failed at 21:50:14.417803 after 0.07 seconds
[0m21:50:14.417803 [debug] [MainThread]: Sending event: {'category': 'dbt', 'action': 'invocation', 'label': 'end', 'context': [<snowplow_tracker.self_describing_json.SelfDescribingJson object at 0x0000028295A2E710>, <snowplow_tracker.self_describing_json.SelfDescribingJson object at 0x0000028295A2DC90>, <snowplow_tracker.self_describing_json.SelfDescribingJson object at 0x000002828ECC4A90>]}
[0m21:50:14.417803 [debug] [MainThread]: Flushing usage events
[0m21:50:15.554843 [debug] [MainThread]: An error was encountered while trying to flush usage events
